============================================================
Time  2019/09/19 21:32:58 506 
============================================================
[2019/09/19 21:32:58 506] lgi        684  SYS_MSG_LOAD  
[2019/09/19 21:32:58 506] lgi        706  SYS_MSG_REGCB  msp_status_cb  func(300136b0) 
[2019/09/19 21:32:58 506] lgi        298  LGI_MSG_INIT  
[2019/09/19 21:32:58 506] lgi        305  lgi  lgi_  268436457  1552287548  
[2019/09/19 21:32:58 506] lgi        347  work_dir  /home/root1/Desktop/tts_sdk/bin  
[2019/09/19 21:32:58 506] lgi        403  token:  nil  
[2019/09/19 21:32:58 506] lgi        476  msc cver : 5.0.42.1226  
[2019/09/19 21:32:58 506] lgi        519  ns_enable=  1  
[2019/09/19 21:32:58 506] lgi        531  prot_ver=1  
[2019/09/19 21:32:58 506] lgi        542  prot_type=tcp  
[2019/09/19 21:32:58 506] lgi        693  SYS_MSG_UNLOAD  go bg!  
[2019/09/19 21:32:58 579] lgi        697  SYS_MSG_SHUTDOWN  
============================================================
Time  2019/09/19 21:33:05 836 
============================================================
[2019/09/19 21:33:05 836] lgi        684  SYS_MSG_LOAD  
[2019/09/19 21:33:05 837] lgi        706  SYS_MSG_REGCB  msp_status_cb  func(d80136b0) 
[2019/09/19 21:33:05 837] lgi        298  LGI_MSG_INIT  
[2019/09/19 21:33:05 837] lgi        305  lgi  lgi_  268436457  1552287548  
[2019/09/19 21:33:05 837] lgi        347  work_dir  /home/root1/Desktop/tts_sdk/bin  
[2019/09/19 21:33:05 837] lgi        403  token:  nil  
[2019/09/19 21:33:05 837] lgi        476  msc cver : 5.0.42.1226  
[2019/09/19 21:33:05 837] lgi        519  ns_enable=  1  
[2019/09/19 21:33:05 837] lgi        531  prot_ver=1  
[2019/09/19 21:33:05 837] lgi        542  prot_type=tcp  
[2019/09/19 21:33:05 837] lgi        693  SYS_MSG_UNLOAD  go bg!  
[2019/09/19 21:33:05 894] lgi        697  SYS_MSG_SHUTDOWN  
